<?xml version="1.0" encoding="UTF-8"?>
<testsuite xmlns:xsi="http://www.w3.org/2001/XMLSchema-instance" xsi:noNamespaceSchemaLocation="https://maven.apache.org/surefire/maven-surefire-plugin/xsd/surefire-test-report-3.0.xsd" version="3.0" name="com.nutrilog.service.CalorieGoalServiceTest" time="0.027" tests="11" errors="0" skipped="0" failures="0">
  <properties>
[...]
</properties>
  <testcase name="computesBmrCorrectly_forMale" classname="com.nutrilog.service.CalorieGoalServiceTest" time="0.009"/>
  <testcase name="throwsIllegalArgument_whenActivityLevelUnknown" classname="com.nutrilog.service.CalorieGoalServiceTest" time="0.001"/>
  <testcase name="returnsNull_whenAnyInputIsNull" classname="com.nutrilog.service.CalorieGoalServiceTest" time="0.001"/>
  <testcase name="weeksToTarget_calculatesCorrectly" classname="com.nutrilog.service.CalorieGoalServiceTest" time="0.002"/>
  <testcase name="weeksToTarget_returnsNull_whenWeightMatchesTarget" classname="com.nutrilog.service.CalorieGoalServiceTest" time="0.0"/>
  <testcase name="computesBmrCorrectly_forFemale" classname="com.nutrilog.service.CalorieGoalServiceTest" time="0.001"/>
  <testcase name="weeksToTarget_returnsNull_whenInputsNull" classname="com.nutrilog.service.CalorieGoalServiceTest" time="0.0"/>
  <testcase name="weeksToTarget_returnsNull_whenRateIsZero" classname="com.nutrilog.service.CalorieGoalServiceTest" time="0.001"/>
  <testcase name="weeksToTarget_usesAbsoluteValue_forWeightGain" classname="com.nutrilog.service.CalorieGoalServiceTest" time="0.0"/>
  <testcase name="addsDelta_whenTargetWeightIsHigher" classname="com.nutrilog.service.CalorieGoalServiceTest" time="0.0"/>
  <testcase name="subtractsDelta_whenTargetWeightIsLower" classname="com.nutrilog.service.CalorieGoalServiceTest" time="0.0"/>
</testsuite>